09/05/2016 13:04:15 [com.test.gurukul.GkPagesTest.GkLoginPageTest - setUp] ERROR   - Failed to connect to binary FirefoxBinary(C:\Program Files (x86)\Mozilla Firefox\firefox.exe) on port 7055; process output follows: 
ns.json	DEBUG	Starting write
1462779209840	addons.manager	DEBUG	shutdown
1462779209840	addons.manager	DEBUG	Calling shutdown blocker for XPIProvider
1462779209840	addons.xpi	DEBUG	shutdown
1462779209841	addons.xpi-utils	DEBUG	shutdown
1462779209841	addons.manager	DEBUG	Calling shutdown blocker for LightweightThemeManager
1462779209841	addons.manager	DEBUG	Calling shutdown blocker for OpenH264Provider
1462779209842	addons.manager	DEBUG	Calling shutdown blocker for PluginProvider
1462779210283	DeferredSave.extensions.json	DEBUG	Write succeeded
1462779210283	addons.xpi-utils	DEBUG	XPI Database saved, setting schema version preference to 16
1462779210284	addons.xpi	DEBUG	Notifying XPI shutdown observers
1462779210286	addons.manager	DEBUG	Async provider shutdown done
1462779210814	addons.manager	DEBUG	Loaded provider scope for resource://gre/modules/addons/XPIProvider.jsm: ["XPIProvider"]
1462779210816	addons.manager	DEBUG	Loaded provider scope for resource://gre/modules/LightweightThemeManager.jsm: ["LightweightThemeManager"]
1462779210818	addons.xpi	DEBUG	startup
1462779210819	addons.xpi	INFO	Mapping fxdriver@googlecode.com to C:\Users\spadhi2\AppData\Local\Temp\anonymous4823717863963121835webdriver-profile\extensions\fxdriver@googlecode.com
1462779210819	addons.xpi	DEBUG	Ignoring file entry whose name is not a valid add-on ID: C:\Users\spadhi2\AppData\Local\Temp\anonymous4823717863963121835webdriver-profile\extensions\webdriver-staging
1462779210820	addons.xpi	INFO	Mapping {972ce4c6-7e08-4474-a285-3208198ce6fd} to C:\Program Files (x86)\Mozilla Firefox\browser\extensions\{972ce4c6-7e08-4474-a285-3208198ce6fd}
1462779210821	addons.xpi	DEBUG	Skipping unavailable install location app-system-share
1462779210821	addons.xpi	DEBUG	Skipping unavailable install location app-system-local
1462779210821	addons.xpi	INFO	Mapping {D19CA586-DD6C-4a0a-96F8-14644F340D60} to C:\Program Files (x86)\Common Files\McAfee\SystemCore
1462779210821	addons.xpi	DEBUG	checkForChanges
1462779210822	addons.xpi	DEBUG	Loaded add-on state from prefs: {"app-profile":{"fxdriver@googlecode.com":{"d":"C:\\Users\\spadhi2\\AppData\\Local\\Temp\\anonymous4823717863963121835webdriver-profile\\extensions\\fxdriver@googlecode.com","e":false,"v":"2.42.2","st":1462779207444,"mt":1462779206907}},"app-global":{"{972ce4c6-7e08-4474-a285-3208198ce6fd}":{"d":"C:\\Program Files (x86)\\Mozilla Firefox\\browser\\extensions\\{972ce4c6-7e08-4474-a285-3208198ce6fd}","e":true,"v":"35.0.1","st":1422619332745,"mt":1422619332576}},"winreg-app-global":{"{D19CA586-DD6C-4a0a-96F8-14644F340D60}":{"d":"C:\\Program Files (x86)\\Common Files\\McAfee\\SystemCore","e":false,"v":"15.1.0","st":1403117911645,"mt":1403117910841}}}
1462779210824	addons.xpi	DEBUG	getModTime: Recursive scan of {972ce4c6-7e08-4474-a285-3208198ce6fd}
1462779210826	addons.xpi	DEBUG	getInstallState changed: false, state: {"app-profile":{"fxdriver@googlecode.com":{"d":"C:\\Users\\spadhi2\\AppData\\Local\\Temp\\anonymous4823717863963121835webdriver-profile\\extensions\\fxdriver@googlecode.com","e":false,"v":"2.42.2","st":1462779207444,"mt":1462779206907}},"app-global":{"{972ce4c6-7e08-4474-a285-3208198ce6fd}":{"d":"C:\\Program Files (x86)\\Mozilla Firefox\\browser\\extensions\\{972ce4c6-7e08-4474-a285-3208198ce6fd}","e":true,"v":"35.0.1","st":1422619332745,"mt":1422619332576}},"winreg-app-global":{"{D19CA586-DD6C-4a0a-96F8-14644F340D60}":{"d":"C:\\Program Files (x86)\\Common Files\\McAfee\\SystemCore","e":false,"v":"15.1.0","st":1403117911645,"mt":1403117910841}}}
1462779210828	addons.xpi	DEBUG	No changes found
1462779210831	addons.manager	DEBUG	Registering shutdown blocker for XPIProvider
1462779210832	addons.manager	DEBUG	Registering shutdown blocker for LightweightThemeManager
1462779210833	addons.manager	DEBUG	Registering shutdown blocker for OpenH264Provider
1462779210833	addons.manager	DEBUG	Registering shutdown blocker for PluginProvider
*** Blocklist::_preloadBlocklistFile: blocklist is disabled
1462779212093	addons.manager	DEBUG	Registering shutdown blocker for <unnamed-provider>

Build info: version: '2.42.2', revision: '6a6995d31c7c56c340d6f45a76976d43506cd6cc', time: '2014-06-03 10:52:47'
System info: host: 'RPIPL2-DT-DV046', ip: '10.13.167.22', os.name: 'Windows 7', os.arch: 'amd64', os.version: '6.1', java.version: '1.7.0_75'
Driver info: driver.version: FirefoxDriver
